<?xml version="1.0" encoding="UTF-8"?>
<!-- Generated by org.testng.reporters.JUnitXMLReporter -->
<testsuite hostname="IGS-Admins-MacBook-Pro.local" name="iOSHipiNeo" tests="21" failures="0" timestamp="25 Sep 2023 06:59:34 GMT" time="2743.41" errors="0">
  <testcase name="FeedScreenArrivalTime_1" time="470.859" classname="com.zee5.iOS_HiPi_NeoScripts.IOS_HiPi_Neo_Priority_P0_Test_cases"/>
  <testcase name="TimeTakenToPostAcreatedVideo15s_4" time="93.331" classname="com.zee5.iOS_HiPi_NeoScripts.IOS_HiPi_Neo_Priority_P0_Test_cases"/>
  <testcase name="TimeTakenToPostAcreatedVideo30_5" time="111.605" classname="com.zee5.iOS_HiPi_NeoScripts.IOS_HiPi_Neo_Priority_P0_Test_cases"/>
  <testcase name="TimeTakenToPostAcreatedVideo45_6" time="118.378" classname="com.zee5.iOS_HiPi_NeoScripts.IOS_HiPi_Neo_Priority_P0_Test_cases"/>
  <testcase name="TimeTakenToPostAcreatedVideo60_7" time="141.846" classname="com.zee5.iOS_HiPi_NeoScripts.IOS_HiPi_Neo_Priority_P0_Test_cases"/>
  <testcase name="TimeTakenToPostAcreatedVideo90_8" time="183.299" classname="com.zee5.iOS_HiPi_NeoScripts.IOS_HiPi_Neo_Priority_P0_Test_cases"/>
  <testcase name="TimeTakenToStartVideoAfterSwipe_9" time="4.376" classname="com.zee5.iOS_HiPi_NeoScripts.IOS_HiPi_Neo_Priority_P0_Test_cases"/>
  <testcase name="TimeTakenToloadDiscoverPage_10" time="7.247" classname="com.zee5.iOS_HiPi_NeoScripts.IOS_HiPi_Neo_Priority_P0_Test_cases"/>
  <testcase name="TimeTakenToloadSearshResultInDiscoverPage_11" time="28.079" classname="com.zee5.iOS_HiPi_NeoScripts.IOS_HiPi_Neo_Priority_P0_Test_cases"/>
  <testcase name="TimeTakenToloadAutoSuSearshResultInDiscoverPage_12" time="22.016" classname="com.zee5.iOS_HiPi_NeoScripts.IOS_HiPi_Neo_Priority_P0_Test_cases"/>
  <testcase name="TimeTakenToloadCarousalBannersInDiscoverPage_13" time="7.484" classname="com.zee5.iOS_HiPi_NeoScripts.IOS_HiPi_Neo_Priority_P0_Test_cases"/>
  <testcase name="TimeTakenToloadBannerClickedLandingScreenInDiscoverPage_14" time="16.076" classname="com.zee5.iOS_HiPi_NeoScripts.IOS_HiPi_Neo_Priority_P0_Test_cases"/>
  <testcase name="TimeTakenToloadRailsPage_15" time="24.578" classname="com.zee5.iOS_HiPi_NeoScripts.IOS_HiPi_Neo_Priority_P0_Test_cases"/>
  <testcase name="TimeTakenToloadHashtagRailsPage_16" time="25.254" classname="com.zee5.iOS_HiPi_NeoScripts.IOS_HiPi_Neo_Priority_P0_Test_cases"/>
  <testcase name="TimeTakenToloadSoundscreen_17" time="25.902" classname="com.zee5.iOS_HiPi_NeoScripts.IOS_HiPi_Neo_Priority_P0_Test_cases"/>
  <testcase name="TimeTakenToloadEffects_screen_18" time="17.297" classname="com.zee5.iOS_HiPi_NeoScripts.IOS_HiPi_Neo_Priority_P0_Test_cases"/>
  <testcase name="TimeTakenToloadFilter_screen_19" time="22.409" classname="com.zee5.iOS_HiPi_NeoScripts.IOS_HiPi_Neo_Priority_P0_Test_cases"/>
  <testcase name="TimeTakenToloadPostScreenFromNextCTA_screen_20" time="93.742" classname="com.zee5.iOS_HiPi_NeoScripts.IOS_HiPi_Neo_Priority_P0_Test_cases"/>
  <testcase name="TimeTakenToloadLogoutscenario_23" time="26.499" classname="com.zee5.iOS_HiPi_NeoScripts.IOS_HiPi_Neo_Priority_P0_Test_cases"/>
  <testcase name="LoginWithFacebook_28" time="43.519" classname="com.zee5.iOS_HiPi_NeoScripts.IOS_HiPi_Neo_Priority_P0_Test_cases"/>
  <testcase name="searchSuggestions_29" time="1221.294" classname="com.zee5.iOS_HiPi_NeoScripts.IOS_HiPi_Neo_Priority_P0_Test_cases"/>
</testsuite> <!-- iOSHipiNeo -->
