<?xml version="1.0" encoding="UTF-8"?>
<!-- Generated by org.testng.reporters.JUnitXMLReporter -->
<testsuite hostname="IGS-Admins-MacBook-Pro.local" name="Default test" tests="7" failures="0" timestamp="25 May 2023 11:43:24 GMT" time="0.822" errors="0">
  <testcase name="@BeforeTest init" time="0.0" classname="com.zee5.iOS_HiPi_NeoScripts.IOS_HiPi_mPWA">
    <skipped/>
  </testcase> <!-- @BeforeTest init -->
  <testcase name="@AfterClass tearDownApp" time="0.0" classname="com.zee5.iOS_HiPi_NeoScripts.IOS_HiPi_mPWA">
    <skipped/>
  </testcase> <!-- @AfterClass tearDownApp -->
  <testcase name="getUrl" time="0.0" classname="com.zee5.iOS_HiPi_NeoScripts.IOS_HiPi_mPWA">
    <skipped/>
  </testcase> <!-- getUrl -->
  <testcase name="TimeTakenToAppNavigationToAppClickingOnCreateButton" time="0.0" classname="com.zee5.iOS_HiPi_NeoScripts.IOS_HiPi_mPWA">
    <skipped/>
  </testcase> <!-- TimeTakenToAppNavigationToAppClickingOnCreateButton -->
  <testcase name="TimeTakenToAppNavigationToAppStoreClickingOnCreateButton" time="0.0" classname="com.zee5.iOS_HiPi_NeoScripts.IOS_HiPi_mPWA">
    <skipped/>
  </testcase> <!-- TimeTakenToAppNavigationToAppStoreClickingOnCreateButton -->
  <testcase name="MPWATimeTakenToloadDiscoverPage" time="0.0" classname="com.zee5.iOS_HiPi_NeoScripts.IOS_HiPi_mPWA">
    <skipped/>
  </testcase> <!-- MPWATimeTakenToloadDiscoverPage -->
  <testcase name="TimeTakenToloadSearshResultInDiscoverPage" time="0.0" classname="com.zee5.iOS_HiPi_NeoScripts.IOS_HiPi_mPWA">
    <skipped/>
  </testcase> <!-- TimeTakenToloadSearshResultInDiscoverPage -->
  <testcase name="TimeTakenToloadAutoSuSearshResultInDiscoverPage" time="0.0" classname="com.zee5.iOS_HiPi_NeoScripts.IOS_HiPi_mPWA">
    <skipped/>
  </testcase> <!-- TimeTakenToloadAutoSuSearshResultInDiscoverPage -->
  <testcase name="FeedScreenArrivalTime" time="0.0" classname="com.zee5.iOS_HiPi_NeoScripts.IOS_HiPi_mPWA">
    <skipped/>
  </testcase> <!-- FeedScreenArrivalTime -->
</testsuite> <!-- Default test -->
