<?xml version="1.0" encoding="UTF-8"?>
<!-- Generated by org.testng.reporters.JUnitXMLReporter -->
<testsuite hostname="IGS-Admins-MacBook-Pro.local" name="iOSHipiNeo" tests="1" failures="1" timestamp="16 Aug 2023 10:04:05 GMT" time="118.022" errors="0">
  <testcase name="FeedScreenArrivalTime" time="103.747" classname="com.zee5.iOS_HiPi_NeoScripts.IOS_HiPi_mPWA">
    <failure type="org.openqa.selenium.NoSuchElementException" message="An element could not be located on the page using the given search parameters.
For documentation on this error, please visit: https://www.seleniumhq.org/exceptions/no_such_element.html
Build info: version: &amp;apos;3.141.59&amp;apos;, revision: &amp;apos;e82be7d358&amp;apos;, time: &amp;apos;2018-11-14T08:17:03&amp;apos;
System info: host: &amp;apos;IGS-Admins-MacBook-Pro.local&amp;apos;, ip: &amp;apos;fe80:0:0:0:188f:8260:8958:26e7%en0&amp;apos;, os.name: &amp;apos;Mac OS X&amp;apos;, os.arch: &amp;apos;x86_64&amp;apos;, os.version: &amp;apos;12.4&amp;apos;, java.version: &amp;apos;1.8.0_333&amp;apos;
Driver info: io.appium.java_client.ios.IOSDriver
Capabilities {automationName: XCUITest, browserName: , bundleId: com.apple.mobilesafari, databaseEnabled: false, deviceName: iOS, javascriptEnabled: true, locationContextEnabled: false, networkConnectionEnabled: false, newCommandTimeout: 300, platform: MAC, platformName: iOS, takesScreenshot: true, udid: 00008101-000A45DA0AF0801E, webStorageEnabled: false}
Session ID: a43aa03e-7dfe-4d3a-95a3-732c647382b4
*** Element info: {Using=xpath, value=(//*[@type=&amp;apos;XCUIElementTypeSearchField&amp;apos; and @value=&amp;apos;Search&amp;apos;]//child::*)[2] | //XCUIElementTypeButton[@name=&amp;apos;ic search&amp;apos;] | //*[@type=&amp;apos;XCUIElementTypeSearchField&amp;apos; ]}">
      <![CDATA[org.openqa.selenium.NoSuchElementException: An element could not be located on the page using the given search parameters.
For documentation on this error, please visit: https://www.seleniumhq.org/exceptions/no_such_element.html
Build info: version: '3.141.59', revision: 'e82be7d358', time: '2018-11-14T08:17:03'
System info: host: 'IGS-Admins-MacBook-Pro.local', ip: 'fe80:0:0:0:188f:8260:8958:26e7%en0', os.name: 'Mac OS X', os.arch: 'x86_64', os.version: '12.4', java.version: '1.8.0_333'
Driver info: io.appium.java_client.ios.IOSDriver
Capabilities {automationName: XCUITest, browserName: , bundleId: com.apple.mobilesafari, databaseEnabled: false, deviceName: iOS, javascriptEnabled: true, locationContextEnabled: false, networkConnectionEnabled: false, newCommandTimeout: 300, platform: MAC, platformName: iOS, takesScreenshot: true, udid: 00008101-000A45DA0AF0801E, webStorageEnabled: false}
Session ID: a43aa03e-7dfe-4d3a-95a3-732c647382b4
*** Element info: {Using=xpath, value=(//*[@type='XCUIElementTypeSearchField' and @value='Search']//child::*)[2] | //XCUIElementTypeButton[@name='ic search'] | //*[@type='XCUIElementTypeSearchField' ]}
	at org.openqa.selenium.remote.http.W3CHttpResponseCodec.createException(W3CHttpResponseCodec.java:187)
	at org.openqa.selenium.remote.http.W3CHttpResponseCodec.decode(W3CHttpResponseCodec.java:122)
	at org.openqa.selenium.remote.http.W3CHttpResponseCodec.decode(W3CHttpResponseCodec.java:49)
	at org.openqa.selenium.remote.HttpCommandExecutor.execute(HttpCommandExecutor.java:158)
	at io.appium.java_client.remote.AppiumCommandExecutor.execute(AppiumCommandExecutor.java:239)
	at org.openqa.selenium.remote.RemoteWebDriver.execute(RemoteWebDriver.java:552)
	at io.appium.java_client.DefaultGenericMobileDriver.execute(DefaultGenericMobileDriver.java:41)
	at io.appium.java_client.AppiumDriver.execute(AppiumDriver.java:1)
	at io.appium.java_client.ios.IOSDriver.execute(IOSDriver.java:1)
	at org.openqa.selenium.remote.RemoteWebDriver.findElement(RemoteWebDriver.java:323)
	at io.appium.java_client.DefaultGenericMobileDriver.findElement(DefaultGenericMobileDriver.java:61)
	at io.appium.java_client.AppiumDriver.findElement(AppiumDriver.java:1)
	at io.appium.java_client.ios.IOSDriver.findElement(IOSDriver.java:1)
	at org.openqa.selenium.remote.RemoteWebDriver.findElementByXPath(RemoteWebDriver.java:428)
	at io.appium.java_client.DefaultGenericMobileDriver.findElementByXPath(DefaultGenericMobileDriver.java:151)
	at io.appium.java_client.AppiumDriver.findElementByXPath(AppiumDriver.java:1)
	at io.appium.java_client.ios.IOSDriver.findElementByXPath(IOSDriver.java:1)
	at org.openqa.selenium.By$ByXPath.findElement(By.java:353)
	at org.openqa.selenium.remote.RemoteWebDriver.findElement(RemoteWebDriver.java:315)
	at io.appium.java_client.DefaultGenericMobileDriver.findElement(DefaultGenericMobileDriver.java:57)
	at io.appium.java_client.AppiumDriver.findElement(AppiumDriver.java:1)
	at io.appium.java_client.ios.IOSDriver.findElement(IOSDriver.java:1)
	at com.business.zee.Zee5mWebiOSHipiNeoSanityBusinessLogic.searchResults(Zee5mWebiOSHipiNeoSanityBusinessLogic.java:586)
	at com.zee5.iOS_HiPi_NeoScripts.IOS_HiPi_mPWA.FeedScreenArrivalTime(IOS_HiPi_mPWA.java:100)
... Removed 27 stack frames]]>
    </failure>
  </testcase> <!-- FeedScreenArrivalTime -->
</testsuite> <!-- iOSHipiNeo -->
