<?xml version="1.0" encoding="UTF-8"?>
<testng-results skipped="0" failed="1" total="1" passed="0">
  <reporter-output>
  </reporter-output>
  <suite name="MPWA" duration-ms="118022" started-at="2023-08-16T10:02:07Z" finished-at="2023-08-16T10:04:05Z">
    <groups>
    </groups>
    <test name="iOSHipiNeo" duration-ms="118022" started-at="2023-08-16T10:02:07Z" finished-at="2023-08-16T10:04:05Z">
      <class name="com.zee5.iOS_HiPi_NeoScripts.IOS_HiPi_mPWA">
        <test-method status="PASS" signature="init()[pri:0, instance:com.zee5.iOS_HiPi_NeoScripts.IOS_HiPi_mPWA@484970b0]" name="init" is-config="true" duration-ms="9760" started-at="2023-08-16T15:32:07Z" finished-at="2023-08-16T15:32:16Z">
          <reporter-output>
          </reporter-output>
        </test-method> <!-- init -->
        <test-method status="FAIL" signature="FeedScreenArrivalTime(java.lang.String, java.lang.String)[pri:7, instance:com.zee5.iOS_HiPi_NeoScripts.IOS_HiPi_mPWA@484970b0]" name="FeedScreenArrivalTime" duration-ms="103747" started-at="2023-08-16T15:32:16Z" finished-at="2023-08-16T15:34:00Z">
          <params>
            <param index="0">
              <value>
                <![CDATA[NonSubscribedUser]]>
              </value>
            </param>
            <param index="1">
              <value>
                <![CDATA[no]]>
              </value>
            </param>
          </params>
          <exception class="org.openqa.selenium.NoSuchElementException">
            <message>
              <![CDATA[An element could not be located on the page using the given search parameters.
For documentation on this error, please visit: https://www.seleniumhq.org/exceptions/no_such_element.html
Build info: version: '3.141.59', revision: 'e82be7d358', time: '2018-11-14T08:17:03'
System info: host: 'IGS-Admins-MacBook-Pro.local', ip: 'fe80:0:0:0:188f:8260:8958:26e7%en0', os.name: 'Mac OS X', os.arch: 'x86_64', os.version: '12.4', java.version: '1.8.0_333'
Driver info: io.appium.java_client.ios.IOSDriver
Capabilities {automationName: XCUITest, browserName: , bundleId: com.apple.mobilesafari, databaseEnabled: false, deviceName: iOS, javascriptEnabled: true, locationContextEnabled: false, networkConnectionEnabled: false, newCommandTimeout: 300, platform: MAC, platformName: iOS, takesScreenshot: true, udid: 00008101-000A45DA0AF0801E, webStorageEnabled: false}
Session ID: a43aa03e-7dfe-4d3a-95a3-732c647382b4
*** Element info: {Using=xpath, value=(//*[@type='XCUIElementTypeSearchField' and @value='Search']//child::*)[2] | //XCUIElementTypeButton[@name='ic search'] | //*[@type='XCUIElementTypeSearchField' ]}]]>
            </message>
            <full-stacktrace>
              <![CDATA[org.openqa.selenium.NoSuchElementException: An element could not be located on the page using the given search parameters.
For documentation on this error, please visit: https://www.seleniumhq.org/exceptions/no_such_element.html
Build info: version: '3.141.59', revision: 'e82be7d358', time: '2018-11-14T08:17:03'
System info: host: 'IGS-Admins-MacBook-Pro.local', ip: 'fe80:0:0:0:188f:8260:8958:26e7%en0', os.name: 'Mac OS X', os.arch: 'x86_64', os.version: '12.4', java.version: '1.8.0_333'
Driver info: io.appium.java_client.ios.IOSDriver
Capabilities {automationName: XCUITest, browserName: , bundleId: com.apple.mobilesafari, databaseEnabled: false, deviceName: iOS, javascriptEnabled: true, locationContextEnabled: false, networkConnectionEnabled: false, newCommandTimeout: 300, platform: MAC, platformName: iOS, takesScreenshot: true, udid: 00008101-000A45DA0AF0801E, webStorageEnabled: false}
Session ID: a43aa03e-7dfe-4d3a-95a3-732c647382b4
*** Element info: {Using=xpath, value=(//*[@type='XCUIElementTypeSearchField' and @value='Search']//child::*)[2] | //XCUIElementTypeButton[@name='ic search'] | //*[@type='XCUIElementTypeSearchField' ]}
	at sun.reflect.GeneratedConstructorAccessor20.newInstance(Unknown Source)
	at sun.reflect.DelegatingConstructorAccessorImpl.newInstance(DelegatingConstructorAccessorImpl.java:45)
	at java.lang.reflect.Constructor.newInstance(Constructor.java:423)
	at org.openqa.selenium.remote.http.W3CHttpResponseCodec.createException(W3CHttpResponseCodec.java:187)
	at org.openqa.selenium.remote.http.W3CHttpResponseCodec.decode(W3CHttpResponseCodec.java:122)
	at org.openqa.selenium.remote.http.W3CHttpResponseCodec.decode(W3CHttpResponseCodec.java:49)
	at org.openqa.selenium.remote.HttpCommandExecutor.execute(HttpCommandExecutor.java:158)
	at io.appium.java_client.remote.AppiumCommandExecutor.execute(AppiumCommandExecutor.java:239)
	at org.openqa.selenium.remote.RemoteWebDriver.execute(RemoteWebDriver.java:552)
	at io.appium.java_client.DefaultGenericMobileDriver.execute(DefaultGenericMobileDriver.java:41)
	at io.appium.java_client.AppiumDriver.execute(AppiumDriver.java:1)
	at io.appium.java_client.ios.IOSDriver.execute(IOSDriver.java:1)
	at org.openqa.selenium.remote.RemoteWebDriver.findElement(RemoteWebDriver.java:323)
	at io.appium.java_client.DefaultGenericMobileDriver.findElement(DefaultGenericMobileDriver.java:61)
	at io.appium.java_client.AppiumDriver.findElement(AppiumDriver.java:1)
	at io.appium.java_client.ios.IOSDriver.findElement(IOSDriver.java:1)
	at org.openqa.selenium.remote.RemoteWebDriver.findElementByXPath(RemoteWebDriver.java:428)
	at io.appium.java_client.DefaultGenericMobileDriver.findElementByXPath(DefaultGenericMobileDriver.java:151)
	at io.appium.java_client.AppiumDriver.findElementByXPath(AppiumDriver.java:1)
	at io.appium.java_client.ios.IOSDriver.findElementByXPath(IOSDriver.java:1)
	at org.openqa.selenium.By$ByXPath.findElement(By.java:353)
	at org.openqa.selenium.remote.RemoteWebDriver.findElement(RemoteWebDriver.java:315)
	at io.appium.java_client.DefaultGenericMobileDriver.findElement(DefaultGenericMobileDriver.java:57)
	at io.appium.java_client.AppiumDriver.findElement(AppiumDriver.java:1)
	at io.appium.java_client.ios.IOSDriver.findElement(IOSDriver.java:1)
	at com.business.zee.Zee5mWebiOSHipiNeoSanityBusinessLogic.searchResults(Zee5mWebiOSHipiNeoSanityBusinessLogic.java:586)
	at com.zee5.iOS_HiPi_NeoScripts.IOS_HiPi_mPWA.FeedScreenArrivalTime(IOS_HiPi_mPWA.java:100)
	at sun.reflect.NativeMethodAccessorImpl.invoke0(Native Method)
	at sun.reflect.NativeMethodAccessorImpl.invoke(NativeMethodAccessorImpl.java:62)
	at sun.reflect.DelegatingMethodAccessorImpl.invoke(DelegatingMethodAccessorImpl.java:43)
	at java.lang.reflect.Method.invoke(Method.java:498)
	at org.testng.internal.MethodInvocationHelper.invokeMethod(MethodInvocationHelper.java:86)
	at org.testng.internal.Invoker.invokeMethod(Invoker.java:643)
	at org.testng.internal.Invoker.invokeTestMethod(Invoker.java:820)
	at org.testng.internal.Invoker.invokeTestMethods(Invoker.java:1128)
	at org.testng.internal.TestMethodWorker.invokeTestMethods(TestMethodWorker.java:129)
	at org.testng.internal.TestMethodWorker.run(TestMethodWorker.java:112)
	at org.testng.TestRunner.privateRun(TestRunner.java:782)
	at org.testng.TestRunner.run(TestRunner.java:632)
	at org.testng.SuiteRunner.runTest(SuiteRunner.java:366)
	at org.testng.SuiteRunner.runSequentially(SuiteRunner.java:361)
	at org.testng.SuiteRunner.privateRun(SuiteRunner.java:319)
	at org.testng.SuiteRunner.run(SuiteRunner.java:268)
	at org.testng.SuiteRunnerWorker.runSuite(SuiteRunnerWorker.java:52)
	at org.testng.SuiteRunnerWorker.run(SuiteRunnerWorker.java:86)
	at org.testng.TestNG.runSuitesSequentially(TestNG.java:1244)
	at org.testng.TestNG.runSuitesLocally(TestNG.java:1169)
	at org.testng.TestNG.run(TestNG.java:1064)
	at org.testng.remote.AbstractRemoteTestNG.run(AbstractRemoteTestNG.java:115)
	at org.testng.remote.RemoteTestNG.initAndRun(RemoteTestNG.java:251)
	at org.testng.remote.RemoteTestNG.main(RemoteTestNG.java:77)
]]>
            </full-stacktrace>
          </exception> <!-- org.openqa.selenium.NoSuchElementException -->
          <reporter-output>
          </reporter-output>
        </test-method> <!-- FeedScreenArrivalTime -->
        <test-method status="PASS" signature="tearDownApp()[pri:0, instance:com.zee5.iOS_HiPi_NeoScripts.IOS_HiPi_mPWA@484970b0]" name="tearDownApp" is-config="true" duration-ms="4203" started-at="2023-08-16T15:34:00Z" finished-at="2023-08-16T15:34:05Z">
          <reporter-output>
          </reporter-output>
        </test-method> <!-- tearDownApp -->
      </class> <!-- com.zee5.iOS_HiPi_NeoScripts.IOS_HiPi_mPWA -->
    </test> <!-- iOSHipiNeo -->
  </suite> <!-- MPWA -->
</testng-results>
