<?xml version="1.0" encoding="UTF-8"?>
<!-- Generated by org.testng.reporters.JUnitXMLReporter -->
<testsuite hostname="IGSs-MacBook-Air-3.local" failures="1" tests="2" name="iOSHipiNeo" time="1.515" errors="0" timestamp="16 Oct 2023 10:23:37 GMT">
  <testcase classname="com.zee5.iOS_HiPi_NeoScripts.IOS_HiPi_Neo_Priority_P0_Test_cases" name="@BeforeTest init" time="0.0">
    <skipped/>
  </testcase> <!-- @BeforeTest init -->
  <testcase classname="com.zee5.iOS_HiPi_NeoScripts.IOS_HiPi_Neo_Priority_P0_Test_cases" name="FeedScreenArrivalTime_1" time="0.493">
    <skipped/>
  </testcase> <!-- FeedScreenArrivalTime_1 -->
  <testcase classname="com.zee5.iOS_HiPi_NeoScripts.IOS_HiPi_Neo_Priority_P0_Test_cases" name="FeedScreenArrivalTime_1" time="0.501">
    <failure type="java.lang.IllegalArgumentException" message="nodeName cannot be null or empty">
      <![CDATA[java.lang.IllegalArgumentException: nodeName cannot be null or empty
	at com.aventstack.extentreports.ExtentTest.createNode(ExtentTest.java:166)
	at com.aventstack.extentreports.ExtentTest.createNode(ExtentTest.java:274)
	at com.extent.ExtentReporter.HeaderChildNode(ExtentReporter.java:216)
	at com.extent.ExtentReporter.onTestSkipped(ExtentReporter.java:207)
... Removed 21 stack frames]]>
    </failure>
  </testcase> <!-- FeedScreenArrivalTime_1 -->
</testsuite> <!-- iOSHipiNeo -->
