<?xml version="1.0" encoding="UTF-8"?>
<!-- Generated by org.testng.reporters.JUnitXMLReporter -->
<testsuite hostname="IGSs-MacBook-Air-3.local" failures="0" tests="1" name="iOSHipiNeo" time="381.911" errors="0" timestamp="26 Oct 2023 11:38:28 GMT">
  <testcase classname="com.zee5.iOS_HiPi_NeoScripts.IOS_HiPi_mPWA" name="@AfterClass tearDownApp" time="0.0">
    <failure type="java.lang.IllegalAccessError" message="class com.spire.xls.packages.sprqxh (in unnamed module @0x3a82f6ef) cannot access class sun.security.action.GetPropertyAction (in module java.base) because module java.base does not export sun.security.action to unnamed module @0x3a82f6ef">
      <![CDATA[java.lang.IllegalAccessError: class com.spire.xls.packages.sprqxh (in unnamed module @0x3a82f6ef) cannot access class sun.security.action.GetPropertyAction (in module java.base) because module java.base does not export sun.security.action to unnamed module @0x3a82f6ef
	at com.spire.xls.packages.sprqxh.spr┿┡(Unknown Source)
	at com.spire.xls.packages.sprqxh.spr‱┍(Unknown Source)
	at com.spire.xls.packages.sprqxh.<init>(Unknown Source)
	at com.spire.xls.packages.spriag.<init>(Unknown Source)
	at com.spire.xls.packages.sprqeg.<init>(Unknown Source)
	at com.spire.xls.core.spreadsheet.XlsWorkbook.<init>(Unknown Source)
	at com.spire.xls.Workbook.<init>(Unknown Source)
	at com.excel.Time_ExcelUpdate.AutoFitColumn(Time_ExcelUpdate.java:471)
	at com.zee5.iOS_HiPi_NeoScripts.IOS_HiPi_mPWA.tearDownApp(IOS_HiPi_mPWA.java:121)
... Removed 24 stack frames]]>
    </failure>
  </testcase> <!-- @AfterClass tearDownApp -->
  <testcase classname="com.zee5.iOS_HiPi_NeoScripts.IOS_HiPi_mPWA" name="getUrl" time="356.555"/>
</testsuite> <!-- iOSHipiNeo -->
